ftp> ftp> ! rem This is a comment
ftp> ! :: and this is also a comment
Connected to ftp.arundale.com.
open ftp.arundale.com
220---------- Welcome to Pure-FTPd [privsep] [TLS] ----------
220-You are user number 4 of 50 allowed.
220-Local time is now 09:10. Server port: 21.
220-IPv6 connections are also welcome on this server.
220 You will be disconnected after 15 minutes of inactivity.
User (ftp.arundale.com:(none)): 
331 User stfinge1 OK. Password required

230 OK. Current restricted directory is /
ftp> Hash mark printing On  ftp: (2048 bytes/hash mark) .
ftp> hash
cd public_html/docs/downloads
250 OK. Current directory is /public_html/docs/downloads
ftp> ftp> ! rem  - Runs the specified command on the local computer
 Volume in drive C has no label.
 Volume Serial Number is 98C8-9684

 Directory of C:\Users\Admin\Documents\ais\DecoderSource

05/02/2018  14:09    <DIR>          .
05/02/2018  14:09    <DIR>          ..
01/12/2017  10:38             3,240 AisDecoder - Copy.vbp
05/02/2018  14:08         2,445,312 AisDecoder.exe
04/02/2018  11:53            18,583 AisDecoder.iss
05/02/2018  14:07             3,276 AisDecoder.vbp
04/02/2018  12:55             2,115 AisDecoder.vbw
05/02/2018  14:09         5,124,911 AisDecoder_setup_3.5.151.exe
01/05/2008  09:13             1,406 arundale.ico
05/02/2018  14:10                 5 arundalecom_FTP_Transfer.log
05/01/2018  10:30                64 arundalecom_upload.bat
04/02/2018  11:47               328 arundalecom_upload.txt
07/02/2017  15:29            28,917 BitDecoder.bas
30/05/2016  12:50             1,463 clsAisMsg.cls
30/05/2016  12:50             1,082 clsGroupSentence.cls
30/05/2016  12:50             1,555 clsInputCB.cls
07/02/2017  15:29             3,731 clsInputSentence.cls
30/05/2016  12:50             1,138 clsOutputField.cls
30/05/2016  12:50             2,550 clsTimer.cls
30/05/2016  12:50             6,193 clsWaitableTimer.cls
30/05/2016  12:50             9,320 cZip.cls
05/01/2018  09:46            89,029 DecodeDefs.bas
05/01/2018  09:46           255,393 Detail.frm
05/01/2018  09:46             1,418 Detail.frx
22/12/2017  10:12                98 Detail.log
02/03/2015  15:52             8,235 Download_csv.frm
02/03/2015  15:52             1,418 Download_csv.frx
24/12/2017  16:00                96 Download_csv.log
27/02/2015  09:43             2,951 FieldInput.frm
27/02/2015  09:43             1,418 FieldInput.frx
06/09/2017  14:16            16,464 Files.frm
06/09/2017  14:16             1,418 Files.frx
22/12/2017  10:12                96 Files.log
18/10/2017  15:24            20,035 FileSelect.frm
18/10/2017  15:24             1,418 FileSelect.frx
22/12/2017  10:12                89 FileSelect.log
22/11/2014  17:26             1,382 frmDebug.frm
22/11/2014  17:26             1,418 frmDebug.frx
04/06/2016  11:21             7,866 frmFiles.frm
04/06/2016  11:21             1,418 frmFiles.frx
25/01/2017  14:59            35,305 frmFTP.frm
25/01/2017  14:59             1,480 frmFTP.frx
22/12/2017  10:12                89 frmFTP.log
14/11/2016  16:12             8,493 frmLicence.frm
14/11/2016  16:12             1,418 frmLicence.frx
01/12/2014  18:26            86,499 frmLockMain.frm
01/12/2014  18:26            17,309 frmLockMain.frx
24/12/2017  16:00                93 frmLockMain.log
04/06/2016  13:15             2,770 frmSplash.frm
04/06/2016  13:15           920,327 frmSplash.frx
05/01/2018  10:12    <DIR>          Help
30/05/2016  12:50            25,398 HugeBinaryFile.cls
16/02/2015  18:49               799 license.txt
14/11/2016  16:23            11,944 List.frm
14/11/2016  16:23             1,418 List.frx
22/12/2017  10:12                99 List.log
14/11/2016  16:23             3,611 ListFilter.frm
14/11/2016  16:23             1,418 ListFilter.frx
30/08/2011  12:59             1,398 Locale.bas
05/02/2018  14:07           240,421 MainControl.bas
07/11/2014  16:11            18,040 modEncrypt.bas
19/11/2013  13:45            13,969 modLockMain.bas
19/11/2011  17:00            16,904 modLockRegistryAPIs.bas
21/01/2015  15:16            18,691 modSysCalls.bas
01/11/2014  14:56             6,456 modWininet.bas
16/11/2015  18:42             3,737 MyZip.frm
16/11/2015  18:42             1,418 MyZip.frx
19/11/2013  13:45            10,919 mZip.bas
01/12/2017  10:38           173,357 NmeaRcv.frm
01/12/2017  10:38             1,418 NmeaRcv.frx
24/12/2017  16:00               183 NmeaRcv.log
05/02/2018  14:07             8,185 Output.frm
05/02/2018  14:07             1,424 Output.frx
22/12/2017  10:12                96 Output.log
09/11/2016  13:44               690 Readme.txt
14/11/2016  16:12             6,950 ReceivedData.frm
14/11/2016  16:12             1,418 ReceivedData.frx
22/12/2017  10:12                96 ReceivedData.log
25/12/2017  10:21    <DIR>          Support
31/10/2014  13:34             2,758 TagInput.frm
31/10/2014  13:34             1,418 TagInput.frx
03/11/2014  19:23             2,393 TestFileSelect.frm
03/11/2014  19:23             1,418 TestFileSelect.frx
31/01/2015  16:26             4,724 Testing.frm
31/01/2015  16:26             1,418 Testing.frx
22/12/2017  10:12                96 Testing.log
01/12/2017  10:38           173,715 TreeFilter.frm
01/12/2017  10:38             1,418 TreeFilter.frx
24/12/2017  16:00                92 TreeFilter.log
27/12/2017  10:53    <DIR>          vbfiles
16/11/2016  16:48             1,510 Vessel.cls
04/05/2015  18:50             2,379 WindowsVersion.bas
              87 File(s)      9,904,428 bytes
               5 Dir(s)  1,880,475,766,784 bytes free
ftp> !dir
binary
200 TYPE is now 8-bit binary
ftp> put AisDecoder_setup_3.5.151.exe
200 PORT command successful
150 Connecting to port 51320
######################################################################################################################################################################################################################################################################################################################################################################################################################################################################################################################################################################################################################################################################################################################################################################################################################################################################################################################################################################################################################################################################################################################################################################################################################################################################################################################################################################################################################################################################################################################################################################################################################################################################################################################################################################################################################################################################################################################################################################################################################################################################################################################################################################################################################################################################################################################################################################################################################################################################################################################################################################################################
226-File successfully transferred
226 59.582 seconds (measured here), 84.00 Kbytes per second
ftp: 5124911 bytes sent in Seconds Kbytes/sec.
ftp> 59.4286.24ascii
200 TYPE is now ASCII
ftp> bye
221-Goodbye. You uploaded 5005 and downloaded 0 kbytes.
221 Logout.
